<?xml version="1.0" encoding="UTF-8"?>
<!-- Generated by org.testng.reporters.JUnitReportReporter -->
<testsuite hostname="CHN-REG-338651" failures="0" tests="3" name="com.ust.Testcases.Dataproviders" time="0.013" errors="0" timestamp="2023-07-27T10:25:25 IST" skipped="0">
  <testcase classname="com.ust.Testcases.Dataproviders" name="testcase1" time="0.001"/>
  <system-out/>
  <testcase classname="com.ust.Testcases.Dataproviders" name="testcase1" time="0.011"/>
  <system-out/>
  <testcase classname="com.ust.Testcases.Dataproviders" name="testcase1" time="0.001"/>
  <system-out/>
</testsuite> <!-- com.ust.Testcases.Dataproviders -->
