<?xml version="1.0" encoding="UTF-8"?>
<!-- Generated by org.testng.reporters.JUnitReportReporter -->
<testsuite hostname="CHN-REG-338651" failures="0" tests="5" name="com.ust.Testcases.LoginTestcase" time="22.639" errors="0" timestamp="2023-07-27T10:49:50 IST" skipped="0">
  <testcase classname="com.ust.Testcases.LoginTestcase" name="loginTest" time="3.979"/>
  <system-out/>
  <testcase classname="com.ust.Testcases.LoginTestcase" name="loginTest" time="5.217"/>
  <system-out/>
  <testcase classname="com.ust.Testcases.LoginTestcase" name="loginTest" time="3.752"/>
  <system-out/>
  <testcase classname="com.ust.Testcases.LoginTestcase" name="loginTest" time="4.900"/>
  <system-out/>
  <testcase classname="com.ust.Testcases.LoginTestcase" name="submitTest" time="4.791"/>
  <system-out/>
</testsuite> <!-- com.ust.Testcases.LoginTestcase -->
