<?xml version="1.0" encoding="UTF-8"?>
<!-- Generated by org.testng.reporters.JUnitReportReporter -->
<testsuite hostname="CHN-REG-338651" failures="0" tests="4" name="com.ust.Testcases.Sampletest" time="0.011" errors="0" timestamp="2023-07-28T16:08:13 IST" skipped="0">
  <testcase classname="com.ust.Testcases.Sampletest" name="Testcase3" time="0.001"/>
  <system-out/>
  <testcase classname="com.ust.Testcases.Sampletest" name="Testcase4" time="0.001"/>
  <system-out/>
  <testcase classname="com.ust.Testcases.Sampletest" name="Testcase1" time="0.008"/>
  <system-out/>
  <testcase classname="com.ust.Testcases.Sampletest" name="Testcase2" time="0.001"/>
  <system-out/>
</testsuite> <!-- com.ust.Testcases.Sampletest -->
