<?xml version="1.0" encoding="UTF-8"?>
<!-- Generated by org.testng.reporters.JUnitReportReporter -->
<testsuite hostname="CHN-REG-338651" failures="0" tests="1" name="com.ust.Testcases.MouseActions" time="9.447" errors="0" timestamp="2023-07-20T12:12:53 IST" skipped="0">
  <testcase classname="com.ust.Testcases.MouseActions" name="locators" time="9.447"/>
  <system-out/>
</testsuite> <!-- com.ust.Testcases.MouseActions -->
