<?xml version="1.0" encoding="UTF-8"?>
<!-- Generated by org.testng.reporters.JUnitReportReporter -->
<testsuite hostname="CHN-REG-338651" failures="0" tests="1" name="com.ust.Testcases.Locators" time="11.676" errors="0" timestamp="2023-07-19T14:47:26 IST" skipped="0">
  <testcase classname="com.ust.Testcases.Locators" name="locators" time="11.676"/>
  <system-out/>
</testsuite> <!-- com.ust.Testcases.Locators -->
