<?xml version="1.0" encoding="UTF-8"?>
<!-- Generated by org.testng.reporters.JUnitReportReporter -->
<testsuite hostname="CHN-REG-338651" failures="0" tests="1" name="com.ust.Testcases.BrowserDef2" time="6.545" errors="0" timestamp="2023-07-25T22:25:54 IST" skipped="0">
  <testcase classname="com.ust.Testcases.BrowserDef2" name="getBrowser" time="6.545"/>
  <system-out/>
</testsuite> <!-- com.ust.Testcases.BrowserDef2 -->
