<?xml version="1.0" encoding="UTF-8"?>
<!-- Generated by org.testng.reporters.JUnitReportReporter -->
<testsuite hostname="CHN-REG-338651" failures="0" tests="1" name="com.ust.Testcases.BrowserDef" time="8.682" errors="0" timestamp="2023-07-18T15:18:33 IST" skipped="0">
  <testcase classname="com.ust.Testcases.BrowserDef" name="getBrowser" time="8.682"/>
  <system-out/>
</testsuite> <!-- com.ust.Testcases.BrowserDef -->
